<?xml version="1.0" encoding="UTF-8"?>
<robot generator="Robot 4.1.2 (Python 3.10.0 on win32)" generated="20211024 13:04:40.890" rpa="false" schemaversion="2">
<suite id="s1" name="Webautomation" source="C:\Users\Administrator\Desktop\teste2\webautomation.robot">
<kw name="Abrir o navegador" library="resource" type="SETUP">
<kw name="Open Browser" library="SeleniumLibrary">
<arg>browser=Chrome</arg>
<doc>Opens a new browser instance to the optional ``url``.</doc>
<msg timestamp="20211024 13:04:41.042" level="INFO">Opening browser 'Chrome' to base url 'None'.</msg>
<status status="PASS" starttime="20211024 13:04:41.042" endtime="20211024 13:04:42.010"/>
</kw>
<status status="PASS" starttime="20211024 13:04:41.042" endtime="20211024 13:04:42.010"/>
</kw>
<test id="s1-t1" name="Caso de Teste 02: Pesquisar produto existente">
<kw name="Acessar a página home do site Automation Practice" library="resource">
<kw name="Go To" library="SeleniumLibrary">
<arg>${URL}</arg>
<doc>Navigates the current browser window to the provided ``url``.</doc>
<msg timestamp="20211024 13:04:42.011" level="INFO">Opening url 'http://automationpractice.com'</msg>
<status status="PASS" starttime="20211024 13:04:42.011" endtime="20211024 13:04:46.522"/>
</kw>
<status status="PASS" starttime="20211024 13:04:42.011" endtime="20211024 13:04:46.523"/>
</kw>
<kw name="Digitar o nome do produto &quot;itemnãoexistente&quot; no campo de pesquisa" library="resource" sourcename="Digitar o nome do produto &quot;${produto}&quot; no campo de pesquisa">
<kw name="Wait Until Element Is Visible" library="SeleniumLibrary">
<arg>id:search_query_top</arg>
<doc>Waits until the element ``locator`` is visible.</doc>
<status status="PASS" starttime="20211024 13:04:46.523" endtime="20211024 13:04:46.539"/>
</kw>
<kw name="Input Text" library="SeleniumLibrary">
<arg>id:search_query_top</arg>
<arg>${produto}</arg>
<doc>Types the given ``text`` into the text field identified by ``locator``.</doc>
<msg timestamp="20211024 13:04:46.540" level="INFO">Typing text 'itemnãoexistente' into text field 'id:search_query_top'.</msg>
<status status="PASS" starttime="20211024 13:04:46.539" endtime="20211024 13:04:46.593"/>
</kw>
<status status="PASS" starttime="20211024 13:04:46.523" endtime="20211024 13:04:46.593"/>
</kw>
<kw name="Clicar no botão pesquisar" library="resource">
<kw name="Click Button" library="SeleniumLibrary">
<arg>name:submit_search</arg>
<doc>Clicks the button identified by ``locator``.</doc>
<msg timestamp="20211024 13:04:46.594" level="INFO">Clicking button 'name:submit_search'.</msg>
<status status="PASS" starttime="20211024 13:04:46.594" endtime="20211024 13:04:47.689"/>
</kw>
<status status="PASS" starttime="20211024 13:04:46.594" endtime="20211024 13:04:47.689"/>
</kw>
<kw name="Conferir se mensagem &quot;No results were found for your search &quot;itemnãoexistente&quot;&quot; é exibida" library="resource" sourcename="Conferir se mensagem &quot;${mensagem}&quot; é exibida">
<kw name="Wait Until Element Is Visible" library="SeleniumLibrary">
<arg>//p[contains(.,'No results were found for your search "itemnãoexistente"')]</arg>
<doc>Waits until the element ``locator`` is visible.</doc>
<status status="PASS" starttime="20211024 13:04:47.690" endtime="20211024 13:04:47.708"/>
</kw>
<kw name="Element Text Should Be" library="SeleniumLibrary">
<arg>//p[contains(.,'No results were found for your search "itemnãoexistente"')]</arg>
<arg>${mensagem}</arg>
<doc>Verifies that element ``locator`` contains exact the text ``expected``.</doc>
<msg timestamp="20211024 13:04:47.709" level="INFO">Verifying element '//p[contains(.,'No results were found for your search "itemnãoexistente"')]' contains exact text 'No results were found for your search "itemnãoexistente"'.</msg>
<status status="PASS" starttime="20211024 13:04:47.708" endtime="20211024 13:04:47.723"/>
</kw>
<status status="PASS" starttime="20211024 13:04:47.689" endtime="20211024 13:04:47.723"/>
</kw>
<tag>PESQUISAR</tag>
<status status="PASS" starttime="20211024 13:04:42.010" endtime="20211024 13:04:47.723"/>
</test>
<kw name="Fechar o navegador" library="resource" type="TEARDOWN">
<kw name="Close Browser" library="SeleniumLibrary">
<doc>Closes the current browser.</doc>
<status status="PASS" starttime="20211024 13:04:47.724" endtime="20211024 13:04:49.790"/>
</kw>
<status status="PASS" starttime="20211024 13:04:47.724" endtime="20211024 13:04:49.790"/>
</kw>
<doc>Web test 2</doc>
<status status="PASS" starttime="20211024 13:04:40.891" endtime="20211024 13:04:49.790"/>
</suite>
<statistics>
<total>
<stat pass="1" fail="0" skip="0">All Tests</stat>
</total>
<tag>
<stat pass="1" fail="0" skip="0">PESQUISAR</stat>
</tag>
<suite>
<stat pass="1" fail="0" skip="0" id="s1" name="Webautomation">Webautomation</stat>
</suite>
</statistics>
<errors>
</errors>
</robot>
